INFO:     Started server process [130107]
INFO:     Waiting for application startup.
INFO:     Application startup complete.
INFO:     Uvicorn running on http://0.0.0.0:8001 (Press CTRL+C to quit)
INFO:     127.0.0.1:36938 - "GET /docs HTTP/1.1" 200 OK
INFO:     127.0.0.1:42384 - "POST /api/test-lead HTTP/1.1" 500 Internal Server Error
ERROR:    Exception in ASGI application
Traceback (most recent call last):
  File "/home/jpgreen1/.openclaw/workspace/realviax-outreach/venv/lib/python3.13/site-packages/sqlalchemy/engine/base.py", line 1967, in _exec_single_context
    self.dialect.do_execute(
    ~~~~~~~~~~~~~~~~~~~~~~~^
        cursor, str_statement, effective_parameters, context
        ^^^^^^^^^^^^^^^^^^^^^^^^^^^^^^^^^^^^^^^^^^^^^^^^^^^^
    )
    ^
  File "/home/jpgreen1/.openclaw/workspace/realviax-outreach/venv/lib/python3.13/site-packages/sqlalchemy/engine/default.py", line 952, in do_execute
    cursor.execute(statement, parameters)
    ~~~~~~~~~~~~~~^^^^^^^^^^^^^^^^^^^^^^^
sqlite3.IntegrityError: UNIQUE constraint failed: leads.listing_url

The above exception was the direct cause of the following exception:

Traceback (most recent call last):
  File "/home/jpgreen1/.openclaw/workspace/realviax-outreach/venv/lib/python3.13/site-packages/uvicorn/protocols/http/httptools_impl.py", line 416, in run_asgi
    result = await app(  # type: ignore[func-returns-value]
             ^^^^^^^^^^^^^^^^^^^^^^^^^^^^^^^^^^^^^^^^^^^^^^
        self.scope, self.receive, self.send
        ^^^^^^^^^^^^^^^^^^^^^^^^^^^^^^^^^^^
    )
    ^
  File "/home/jpgreen1/.openclaw/workspace/realviax-outreach/venv/lib/python3.13/site-packages/uvicorn/middleware/proxy_headers.py", line 60, in __call__
    return await self.app(scope, receive, send)
           ^^^^^^^^^^^^^^^^^^^^^^^^^^^^^^^^^^^^
  File "/home/jpgreen1/.openclaw/workspace/realviax-outreach/venv/lib/python3.13/site-packages/fastapi/applications.py", line 1159, in __call__
    await super().__call__(scope, receive, send)
  File "/home/jpgreen1/.openclaw/workspace/realviax-outreach/venv/lib/python3.13/site-packages/starlette/applications.py", line 90, in __call__
    await self.middleware_stack(scope, receive, send)
  File "/home/jpgreen1/.openclaw/workspace/realviax-outreach/venv/lib/python3.13/site-packages/starlette/middleware/errors.py", line 186, in __call__
    raise exc
  File "/home/jpgreen1/.openclaw/workspace/realviax-outreach/venv/lib/python3.13/site-packages/starlette/middleware/errors.py", line 164, in __call__
    await self.app(scope, receive, _send)
  File "/home/jpgreen1/.openclaw/workspace/realviax-outreach/venv/lib/python3.13/site-packages/starlette/middleware/cors.py", line 88, in __call__
    await self.app(scope, receive, send)
  File "/home/jpgreen1/.openclaw/workspace/realviax-outreach/venv/lib/python3.13/site-packages/starlette/middleware/exceptions.py", line 63, in __call__
    await wrap_app_handling_exceptions(self.app, conn)(scope, receive, send)
  File "/home/jpgreen1/.openclaw/workspace/realviax-outreach/venv/lib/python3.13/site-packages/starlette/_exception_handler.py", line 53, in wrapped_app
    raise exc
  File "/home/jpgreen1/.openclaw/workspace/realviax-outreach/venv/lib/python3.13/site-packages/starlette/_exception_handler.py", line 42, in wrapped_app
    await app(scope, receive, sender)
  File "/home/jpgreen1/.openclaw/workspace/realviax-outreach/venv/lib/python3.13/site-packages/fastapi/middleware/asyncexitstack.py", line 18, in __call__
    await self.app(scope, receive, send)
  File "/home/jpgreen1/.openclaw/workspace/realviax-outreach/venv/lib/python3.13/site-packages/starlette/routing.py", line 660, in __call__
    await self.middleware_stack(scope, receive, send)
  File "/home/jpgreen1/.openclaw/workspace/realviax-outreach/venv/lib/python3.13/site-packages/starlette/routing.py", line 680, in app
    await route.handle(scope, receive, send)
  File "/home/jpgreen1/.openclaw/workspace/realviax-outreach/venv/lib/python3.13/site-packages/starlette/routing.py", line 276, in handle
    await self.app(scope, receive, send)
  File "/home/jpgreen1/.openclaw/workspace/realviax-outreach/venv/lib/python3.13/site-packages/fastapi/routing.py", line 134, in app
    await wrap_app_handling_exceptions(app, request)(scope, receive, send)
  File "/home/jpgreen1/.openclaw/workspace/realviax-outreach/venv/lib/python3.13/site-packages/starlette/_exception_handler.py", line 53, in wrapped_app
    raise exc
  File "/home/jpgreen1/.openclaw/workspace/realviax-outreach/venv/lib/python3.13/site-packages/starlette/_exception_handler.py", line 42, in wrapped_app
    await app(scope, receive, sender)
  File "/home/jpgreen1/.openclaw/workspace/realviax-outreach/venv/lib/python3.13/site-packages/fastapi/routing.py", line 120, in app
    response = await f(request)
               ^^^^^^^^^^^^^^^^
  File "/home/jpgreen1/.openclaw/workspace/realviax-outreach/venv/lib/python3.13/site-packages/fastapi/routing.py", line 674, in app
    raw_response = await run_endpoint_function(
                   ^^^^^^^^^^^^^^^^^^^^^^^^^^^^
    ...<3 lines>...
    )
    ^
  File "/home/jpgreen1/.openclaw/workspace/realviax-outreach/venv/lib/python3.13/site-packages/fastapi/routing.py", line 330, in run_endpoint_function
    return await run_in_threadpool(dependant.call, **values)
           ^^^^^^^^^^^^^^^^^^^^^^^^^^^^^^^^^^^^^^^^^^^^^^^^^
  File "/home/jpgreen1/.openclaw/workspace/realviax-outreach/venv/lib/python3.13/site-packages/starlette/concurrency.py", line 32, in run_in_threadpool
    return await anyio.to_thread.run_sync(func)
           ^^^^^^^^^^^^^^^^^^^^^^^^^^^^^^^^^^^^
  File "/home/jpgreen1/.openclaw/workspace/realviax-outreach/venv/lib/python3.13/site-packages/anyio/to_thread.py", line 63, in run_sync
    return await get_async_backend().run_sync_in_worker_thread(
           ^^^^^^^^^^^^^^^^^^^^^^^^^^^^^^^^^^^^^^^^^^^^^^^^^^^^
        func, args, abandon_on_cancel=abandon_on_cancel, limiter=limiter
        ^^^^^^^^^^^^^^^^^^^^^^^^^^^^^^^^^^^^^^^^^^^^^^^^^^^^^^^^^^^^^^^^
    )
    ^
  File "/home/jpgreen1/.openclaw/workspace/realviax-outreach/venv/lib/python3.13/site-packages/anyio/_backends/_asyncio.py", line 2518, in run_sync_in_worker_thread
    return await future
           ^^^^^^^^^^^^
  File "/home/jpgreen1/.openclaw/workspace/realviax-outreach/venv/lib/python3.13/site-packages/anyio/_backends/_asyncio.py", line 1002, in run
    result = context.run(func, *args)
  File "/home/jpgreen1/.openclaw/workspace/realviax-outreach/app/api/routes.py", line 213, in create_test_lead
    db.commit()
    ~~~~~~~~~^^
  File "/home/jpgreen1/.openclaw/workspace/realviax-outreach/venv/lib/python3.13/site-packages/sqlalchemy/orm/session.py", line 2030, in commit
    trans.commit(_to_root=True)
    ~~~~~~~~~~~~^^^^^^^^^^^^^^^
  File "<string>", line 2, in commit
  File "/home/jpgreen1/.openclaw/workspace/realviax-outreach/venv/lib/python3.13/site-packages/sqlalchemy/orm/state_changes.py", line 137, in _go
    ret_value = fn(self, *arg, **kw)
  File "/home/jpgreen1/.openclaw/workspace/realviax-outreach/venv/lib/python3.13/site-packages/sqlalchemy/orm/session.py", line 1311, in commit
    self._prepare_impl()
    ~~~~~~~~~~~~~~~~~~^^
  File "<string>", line 2, in _prepare_impl
  File "/home/jpgreen1/.openclaw/workspace/realviax-outreach/venv/lib/python3.13/site-packages/sqlalchemy/orm/state_changes.py", line 137, in _go
    ret_value = fn(self, *arg, **kw)
  File "/home/jpgreen1/.openclaw/workspace/realviax-outreach/venv/lib/python3.13/site-packages/sqlalchemy/orm/session.py", line 1286, in _prepare_impl
    self.session.flush()
    ~~~~~~~~~~~~~~~~~~^^
  File "/home/jpgreen1/.openclaw/workspace/realviax-outreach/venv/lib/python3.13/site-packages/sqlalchemy/orm/session.py", line 4331, in flush
    self._flush(objects)
    ~~~~~~~~~~~^^^^^^^^^
  File "/home/jpgreen1/.openclaw/workspace/realviax-outreach/venv/lib/python3.13/site-packages/sqlalchemy/orm/session.py", line 4466, in _flush
    with util.safe_reraise():
         ~~~~~~~~~~~~~~~~~^^
  File "/home/jpgreen1/.openclaw/workspace/realviax-outreach/venv/lib/python3.13/site-packages/sqlalchemy/util/langhelpers.py", line 121, in __exit__
    raise exc_value.with_traceback(exc_tb)
  File "/home/jpgreen1/.openclaw/workspace/realviax-outreach/venv/lib/python3.13/site-packages/sqlalchemy/orm/session.py", line 4427, in _flush
    flush_context.execute()
    ~~~~~~~~~~~~~~~~~~~~~^^
  File "/home/jpgreen1/.openclaw/workspace/realviax-outreach/venv/lib/python3.13/site-packages/sqlalchemy/orm/unitofwork.py", line 466, in execute
    rec.execute(self)
    ~~~~~~~~~~~^^^^^^
  File "/home/jpgreen1/.openclaw/workspace/realviax-outreach/venv/lib/python3.13/site-packages/sqlalchemy/orm/unitofwork.py", line 642, in execute
    util.preloaded.orm_persistence.save_obj(
    ~~~~~~~~~~~~~~~~~~~~~~~~~~~~~~~~~~~~~~~^
        self.mapper,
        ^^^^^^^^^^^^
        uow.states_for_mapper_hierarchy(self.mapper, False, False),
        ^^^^^^^^^^^^^^^^^^^^^^^^^^^^^^^^^^^^^^^^^^^^^^^^^^^^^^^^^^^
        uow,
        ^^^^
    )
    ^
  File "/home/jpgreen1/.openclaw/workspace/realviax-outreach/venv/lib/python3.13/site-packages/sqlalchemy/orm/persistence.py", line 93, in save_obj
    _emit_insert_statements(
    ~~~~~~~~~~~~~~~~~~~~~~~^
        base_mapper,
        ^^^^^^^^^^^^
    ...<3 lines>...
        insert,
        ^^^^^^^
    )
    ^
  File "/home/jpgreen1/.openclaw/workspace/realviax-outreach/venv/lib/python3.13/site-packages/sqlalchemy/orm/persistence.py", line 1233, in _emit_insert_statements
    result = connection.execute(
        statement,
        params,
        execution_options=execution_options,
    )
  File "/home/jpgreen1/.openclaw/workspace/realviax-outreach/venv/lib/python3.13/site-packages/sqlalchemy/engine/base.py", line 1419, in execute
    return meth(
        self,
        distilled_parameters,
        execution_options or NO_OPTIONS,
    )
  File "/home/jpgreen1/.openclaw/workspace/realviax-outreach/venv/lib/python3.13/site-packages/sqlalchemy/sql/elements.py", line 527, in _execute_on_connection
    return connection._execute_clauseelement(
           ~~~~~~~~~~~~~~~~~~~~~~~~~~~~~~~~~^
        self, distilled_params, execution_options
        ^^^^^^^^^^^^^^^^^^^^^^^^^^^^^^^^^^^^^^^^^
    )
    ^
  File "/home/jpgreen1/.openclaw/workspace/realviax-outreach/venv/lib/python3.13/site-packages/sqlalchemy/engine/base.py", line 1641, in _execute_clauseelement
    ret = self._execute_context(
        dialect,
    ...<8 lines>...
        cache_hit=cache_hit,
    )
  File "/home/jpgreen1/.openclaw/workspace/realviax-outreach/venv/lib/python3.13/site-packages/sqlalchemy/engine/base.py", line 1846, in _execute_context
    return self._exec_single_context(
           ~~~~~~~~~~~~~~~~~~~~~~~~~^
        dialect, context, statement, parameters
        ^^^^^^^^^^^^^^^^^^^^^^^^^^^^^^^^^^^^^^^
    )
    ^
  File "/home/jpgreen1/.openclaw/workspace/realviax-outreach/venv/lib/python3.13/site-packages/sqlalchemy/engine/base.py", line 1986, in _exec_single_context
    self._handle_dbapi_exception(
    ~~~~~~~~~~~~~~~~~~~~~~~~~~~~^
        e, str_statement, effective_parameters, cursor, context
        ^^^^^^^^^^^^^^^^^^^^^^^^^^^^^^^^^^^^^^^^^^^^^^^^^^^^^^^
    )
    ^
  File "/home/jpgreen1/.openclaw/workspace/realviax-outreach/venv/lib/python3.13/site-packages/sqlalchemy/engine/base.py", line 2363, in _handle_dbapi_exception
    raise sqlalchemy_exception.with_traceback(exc_info[2]) from e
  File "/home/jpgreen1/.openclaw/workspace/realviax-outreach/venv/lib/python3.13/site-packages/sqlalchemy/engine/base.py", line 1967, in _exec_single_context
    self.dialect.do_execute(
    ~~~~~~~~~~~~~~~~~~~~~~~^
        cursor, str_statement, effective_parameters, context
        ^^^^^^^^^^^^^^^^^^^^^^^^^^^^^^^^^^^^^^^^^^^^^^^^^^^^
    )
    ^
  File "/home/jpgreen1/.openclaw/workspace/realviax-outreach/venv/lib/python3.13/site-packages/sqlalchemy/engine/default.py", line 952, in do_execute
    cursor.execute(statement, parameters)
    ~~~~~~~~~~~~~~^^^^^^^^^^^^^^^^^^^^^^^
sqlalchemy.exc.IntegrityError: (sqlite3.IntegrityError) UNIQUE constraint failed: leads.listing_url
[SQL: INSERT INTO leads (created_at, updated_at, listing_url, platform, address, city, state, zip_code, price, beds, baths, sqft, property_type, photo_urls, agent_name, agent_phone, agent_email, office_name, status, email_sent_at, email_id, email_opened, email_opened_at, email_clicked, email_clicked_at, email_reply_count, sms_sent_at, sms_sid, sms_replied, converted_at, converted_to_full_video, full_video_url, invoice_sent, payment_received, notes) VALUES (?, ?, ?, ?, ?, ?, ?, ?, ?, ?, ?, ?, ?, ?, ?, ?, ?, ?, ?, ?, ?, ?, ?, ?, ?, ?, ?, ?, ?, ?, ?, ?, ?, ?, ?)]
[parameters: ('2026-03-29 11:37:40.818307', '2026-03-29 11:37:40.818317', 'https://example.com/test-listing', 'zillow', '123 Luxury Lane, Beverly Hills, CA 90210', 'Beverly Hills', 'CA', '90210', 2500000.0, 5.0, 4.0, 4500, 'Single Family', '["https://picsum.photos/1080/1080?random=1", "https://picsum.photos/1080/1080?random=2", "https://picsum.photos/1080/1080?random=3", "https://picsum. ... (54 characters truncated) ... 0/1080?random=5", "https://picsum.photos/1080/1080?random=6", "https://picsum.photos/1080/1080?random=7", "https://picsum.photos/1080/1080?random=8"]', 'Sarah Johnson', '+13105551234', 'sarah@example.com', 'Luxury Estates', 'scraped', None, None, 0, None, 0, None, 0, None, None, 0, None, 0, None, 0, 0, None)]
(Background on this error at: https://sqlalche.me/e/20/gkpj)
INFO:     127.0.0.1:43540 - "GET /api/leads HTTP/1.1" 200 OK
INFO:     127.0.0.1:44996 - "GET /docs HTTP/1.1" 200 OK
INFO:     127.0.0.1:55962 - "GET /health HTTP/1.1" 200 OK
INFO:     Shutting down
INFO:     Waiting for application shutdown.
INFO:     Application shutdown complete.
INFO:     Finished server process [130107]
